  LiftSysControle.cpp
C:\Users\Влад\source\repos\laba_3.4_2curs_1sem\laba_3.4_2curs_1sem\Cmp.h(19,21): warning C4018: <: несоответствие типов со знаком и без знака
C:\Users\Влад\source\repos\laba_3.4_2curs_1sem\laba_3.4_2curs_1sem\LiftSysControle.cpp(121,21): warning C4018: <: несоответствие типов со знаком и без знака
C:\Users\Влад\source\repos\laba_3.4_2curs_1sem\laba_3.4_2curs_1sem\LiftSysControle.cpp(145,21): warning C4018: <: несоответствие типов со знаком и без знака
C:\Users\Влад\source\repos\laba_3.4_2curs_1sem\laba_3.4_2curs_1sem\LiftSysControle.cpp(196,20): warning C4018: <: несоответствие типов со знаком и без знака
C:\Users\Влад\source\repos\laba_3.4_2curs_1sem\laba_3.4_2curs_1sem\LiftSysControle.cpp(234,12): warning C4244: инициализация: преобразование "double" в "int", возможна потеря данных
C:\Users\Влад\source\repos\laba_3.4_2curs_1sem\laba_3.4_2curs_1sem\LiftSysControle.cpp(265,23): warning C4244: =: преобразование "double" в "int", возможна потеря данных
C:\Users\Влад\source\repos\laba_3.4_2curs_1sem\laba_3.4_2curs_1sem\LiftSysControle.cpp(284,10): warning C4101: ps: неиспользованная локальная переменная
C:\Users\Влад\source\repos\laba_3.4_2curs_1sem\laba_3.4_2curs_1sem\BinaryHeap.h(47,2): warning C4018: <: несоответствие типов со знаком и без знака
C:\Users\Влад\source\repos\laba_3.4_2curs_1sem\laba_3.4_2curs_1sem\BinaryHeap.h(45): message : во время компиляции функции-члена класс шаблон "Heap<Tk,Tv> *BinaryHeap<Tk,Tv>::merge(Heap<Tk,Tv> *)"
          with
          [
              Tk=int,
              Tv=int
          ]
C:\Users\Влад\source\repos\laba_3.4_2curs_1sem\laba_3.4_2curs_1sem\LiftSysControle.cpp(219): message : выполняется компиляция ссылки на экземпляр класс шаблон функции "BinaryHeap<int,int>"
C:\Users\Влад\source\repos\laba_3.4_2curs_1sem\laba_3.4_2curs_1sem\BinaryHeap.h(20,2): warning C4018: <: несоответствие типов со знаком и без знака
C:\Users\Влад\source\repos\laba_3.4_2curs_1sem\laba_3.4_2curs_1sem\BinaryHeap.h(19): message : во время компиляции функции-члена класс шаблон "BinaryHeap<int,int>::~BinaryHeap(void)"
C:\Users\Влад\source\repos\laba_3.4_2curs_1sem\laba_3.4_2curs_1sem\BinaryHeap.h(78,20): warning C4018: <: несоответствие типов со знаком и без знака
C:\Users\Влад\source\repos\laba_3.4_2curs_1sem\laba_3.4_2curs_1sem\BinaryHeap.h(74): message : во время компиляции функции-члена класс шаблон "void BinaryHeap<int,int>::siftDown(int)"
C:\Users\Влад\source\repos\laba_3.4_2curs_1sem\laba_3.4_2curs_1sem\BinaryHeap.h(94): message : выполняется компиляция ссылки на экземпляр шаблон функции "void BinaryHeap<int,int>::siftDown(int)"
C:\Users\Влад\source\repos\laba_3.4_2curs_1sem\laba_3.4_2curs_1sem\BinaryHeap.h(82,20): warning C4018: <: несоответствие типов со знаком и без знака
  Создание кода
  2 of 739 functions ( 0.3%) were compiled, the rest were copied from previous compilation.
    0 functions were new in current compilation
    1 functions had inline decision re-evaluated but remain unchanged
  Создание кода завершено
  laba_3.4_2curs_1sem.vcxproj -> C:\Users\Влад\source\repos\laba_3.4_2curs_1sem\Release\laba_3.4_2curs_1sem.exe
