  LiftSysControle.cpp
C:\Users\Влад\source\repos\laba_3.4_2curs_1sem\laba_3.4_2curs_1sem\Cmp.h(19,21): warning C4018: <: несоответствие типов со знаком и без знака
C:\Users\Влад\source\repos\laba_3.4_2curs_1sem\laba_3.4_2curs_1sem\LiftSysControle.cpp(122,21): warning C4018: <: несоответствие типов со знаком и без знака
C:\Users\Влад\source\repos\laba_3.4_2curs_1sem\laba_3.4_2curs_1sem\LiftSysControle.cpp(151,21): warning C4018: <: несоответствие типов со знаком и без знака
C:\Users\Влад\source\repos\laba_3.4_2curs_1sem\laba_3.4_2curs_1sem\LiftSysControle.cpp(157,20): warning C4018: <: несоответствие типов со знаком и без знака
C:\Users\Влад\source\repos\laba_3.4_2curs_1sem\laba_3.4_2curs_1sem\LiftSysControle.cpp(206,20): warning C4018: <: несоответствие типов со знаком и без знака
C:\Users\Влад\source\repos\laba_3.4_2curs_1sem\laba_3.4_2curs_1sem\LiftSysControle.cpp(268,12): warning C4244: инициализация: преобразование "double" в "int", возможна потеря данных
C:\Users\Влад\source\repos\laba_3.4_2curs_1sem\laba_3.4_2curs_1sem\LiftSysControle.cpp(300,23): warning C4244: =: преобразование "double" в "int", возможна потеря данных
C:\Users\Влад\source\repos\laba_3.4_2curs_1sem\laba_3.4_2curs_1sem\LiftSysControle.cpp(319,10): warning C4101: ps: неиспользованная локальная переменная
C:\Users\Влад\source\repos\laba_3.4_2curs_1sem\laba_3.4_2curs_1sem\BinaryHeap.h(47,2): warning C4018: <: несоответствие типов со знаком и без знака
C:\Users\Влад\source\repos\laba_3.4_2curs_1sem\laba_3.4_2curs_1sem\BinaryHeap.h(45): message : во время компиляции функции-члена класс шаблон "Heap<Tk,Tv> *BinaryHeap<Tk,Tv>::merge(Heap<Tk,Tv> *)"
          with
          [
              Tk=int,
              Tv=int
          ]
C:\Users\Влад\source\repos\laba_3.4_2curs_1sem\laba_3.4_2curs_1sem\LiftSysControle.cpp(241): message : выполняется компиляция ссылки на экземпляр класс шаблон функции "BinaryHeap<int,int>"
C:\Users\Влад\source\repos\laba_3.4_2curs_1sem\laba_3.4_2curs_1sem\BinaryHeap.h(20,2): warning C4018: <: несоответствие типов со знаком и без знака
C:\Users\Влад\source\repos\laba_3.4_2curs_1sem\laba_3.4_2curs_1sem\BinaryHeap.h(19): message : во время компиляции функции-члена класс шаблон "BinaryHeap<int,int>::~BinaryHeap(void)"
C:\Users\Влад\source\repos\laba_3.4_2curs_1sem\laba_3.4_2curs_1sem\BinomialHeap.h(71,2): warning C4018: <: несоответствие типов со знаком и без знака
C:\Users\Влад\source\repos\laba_3.4_2curs_1sem\laba_3.4_2curs_1sem\BinomialHeap.h(32): message : во время компиляции функции-члена класс шаблон "Heap<Tk,Tv> *BinomialHeap<Tk,Tv>::merge(Heap<Tk,Tv> *)"
          with
          [
              Tk=int,
              Tv=LiftSysControle::Person *
          ]
C:\Users\Влад\source\repos\laba_3.4_2curs_1sem\laba_3.4_2curs_1sem\BinomialHeap.h(176): message : выполняется компиляция ссылки на экземпляр шаблон функции "Heap<Tk,Tv> *BinomialHeap<Tk,Tv>::merge(Heap<Tk,Tv> *)"
          with
          [
              Tk=int,
              Tv=LiftSysControle::Person *
          ]
C:\Users\Влад\source\repos\laba_3.4_2curs_1sem\laba_3.4_2curs_1sem\LiftSysControle.cpp(18): message : выполняется компиляция ссылки на экземпляр класс шаблон функции "BinomialHeap<int,LiftSysControle::Person *>"
C:\Users\Влад\source\repos\laba_3.4_2curs_1sem\laba_3.4_2curs_1sem\BinaryHeap.h(78,20): warning C4018: <: несоответствие типов со знаком и без знака
C:\Users\Влад\source\repos\laba_3.4_2curs_1sem\laba_3.4_2curs_1sem\BinaryHeap.h(74): message : во время компиляции функции-члена класс шаблон "void BinaryHeap<int,int>::siftDown(int)"
C:\Users\Влад\source\repos\laba_3.4_2curs_1sem\laba_3.4_2curs_1sem\BinaryHeap.h(94): message : выполняется компиляция ссылки на экземпляр шаблон функции "void BinaryHeap<int,int>::siftDown(int)"
C:\Users\Влад\source\repos\laba_3.4_2curs_1sem\laba_3.4_2curs_1sem\BinaryHeap.h(82,20): warning C4018: <: несоответствие типов со знаком и без знака
C:\Users\Влад\source\repos\laba_3.4_2curs_1sem\laba_3.4_2curs_1sem\Cmp.h(47): warning C4715: CmpForInt::compare: значение возвращается не при всех путях выполнения
  laba_3.4_2curs_1sem.vcxproj -> C:\Users\Влад\source\repos\laba_3.4_2curs_1sem\Debug\laba_3.4_2curs_1sem.exe
